<?xml version="1.0" encoding="UTF-8"?>
<testsuite name="gov.ca.emsa.MockApplicationTests" tests="1" skipped="0" failures="0" errors="0" timestamp="2016-04-29T13:14:39" hostname="t440p-20160104" time="0.001">
  <properties/>
  <testcase name="contextLoads" classname="gov.ca.emsa.MockApplicationTests" time="0.001"/>
  <system-out><![CDATA[]]></system-out>
  <system-err><![CDATA[]]></system-err>
</testsuite>
